Agent Trust environment ready
Python: Python 3.11.15
Node: v20.20.2

         /\      Grafana   /‾‾/  
    /\  /  \     |\  __   /  /   
   /  \/    \    | |/ /  /   ‾‾\ 
  /          \   |   (  |  (‾)  |
 / __________ \  |_|\_\  \_____/ 

     execution: local
        script: scripts/stress/intra-org-mastio-burst.js
        output: json (/tmp/mastio-stress-a1c/k6-results-a1c.ndjson)

     scenarios: (100.00%) 1 scenario, 50 max VUs, 4m30s max duration (incl. graceful stop):
              * intra_org_burst: Up to 50 looping VUs for 4m0s over 3 stages (gracefulRampDown: 30s, gracefulStop: 30s)


running (0m01.0s), 01/50 VUs, 36 complete and 0 interrupted iterations
intra_org_burst   [   0% ] 01/50 VUs  0m01.0s/4m00.0s

running (0m02.0s), 03/50 VUs, 249 complete and 0 interrupted iterations
intra_org_burst   [   1% ] 03/50 VUs  0m02.0s/4m00.0s

running (0m03.0s), 04/50 VUs, 593 complete and 0 interrupted iterations
intra_org_burst   [   1% ] 04/50 VUs  0m03.0s/4m00.0s

running (0m04.0s), 06/50 VUs, 911 complete and 0 interrupted iterations
intra_org_burst   [   2% ] 06/50 VUs  0m04.0s/4m00.0s

running (0m05.0s), 08/50 VUs, 1251 complete and 0 interrupted iterations
intra_org_burst   [   2% ] 08/50 VUs  0m05.0s/4m00.0s

running (0m06.0s), 09/50 VUs, 1586 complete and 0 interrupted iterations
intra_org_burst   [   2% ] 09/50 VUs  0m06.0s/4m00.0s

running (0m07.0s), 11/50 VUs, 1910 complete and 0 interrupted iterations
intra_org_burst   [   3% ] 11/50 VUs  0m07.0s/4m00.0s

running (0m08.0s), 13/50 VUs, 2224 complete and 0 interrupted iterations
intra_org_burst   [   3% ] 13/50 VUs  0m08.0s/4m00.0s

running (0m09.0s), 14/50 VUs, 2547 complete and 0 interrupted iterations
intra_org_burst   [   4% ] 14/50 VUs  0m09.0s/4m00.0s

running (0m10.0s), 16/50 VUs, 2856 complete and 0 interrupted iterations
intra_org_burst   [   4% ] 16/50 VUs  0m10.0s/4m00.0s

running (0m11.0s), 18/50 VUs, 3168 complete and 0 interrupted iterations
intra_org_burst   [   5% ] 18/50 VUs  0m11.0s/4m00.0s

running (0m12.0s), 19/50 VUs, 3473 complete and 0 interrupted iterations
intra_org_burst   [   5% ] 19/50 VUs  0m12.0s/4m00.0s

running (0m13.0s), 21/50 VUs, 3802 complete and 0 interrupted iterations
intra_org_burst   [   5% ] 21/50 VUs  0m13.0s/4m00.0s

running (0m14.0s), 23/50 VUs, 4099 complete and 0 interrupted iterations
intra_org_burst   [   6% ] 23/50 VUs  0m14.0s/4m00.0s

running (0m15.0s), 24/50 VUs, 4415 complete and 0 interrupted iterations
intra_org_burst   [   6% ] 24/50 VUs  0m15.0s/4m00.0s

running (0m16.0s), 26/50 VUs, 4740 complete and 0 interrupted iterations
intra_org_burst   [   7% ] 26/50 VUs  0m16.0s/4m00.0s

running (0m17.0s), 28/50 VUs, 5038 complete and 0 interrupted iterations
intra_org_burst   [   7% ] 28/50 VUs  0m17.0s/4m00.0s

running (0m18.0s), 29/50 VUs, 5345 complete and 0 interrupted iterations
intra_org_burst   [   7% ] 29/50 VUs  0m18.0s/4m00.0s

running (0m19.0s), 31/50 VUs, 5648 complete and 0 interrupted iterations
intra_org_burst   [   8% ] 31/50 VUs  0m19.0s/4m00.0s

running (0m20.0s), 33/50 VUs, 5945 complete and 0 interrupted iterations
intra_org_burst   [   8% ] 33/50 VUs  0m20.0s/4m00.0s

running (0m21.0s), 34/50 VUs, 6267 complete and 0 interrupted iterations
intra_org_burst   [   9% ] 34/50 VUs  0m21.0s/4m00.0s

running (0m22.0s), 36/50 VUs, 6578 complete and 0 interrupted iterations
intra_org_burst   [   9% ] 36/50 VUs  0m22.0s/4m00.0s

running (0m23.0s), 38/50 VUs, 6878 complete and 0 interrupted iterations
intra_org_burst   [  10% ] 38/50 VUs  0m23.0s/4m00.0s

running (0m24.0s), 39/50 VUs, 7178 complete and 0 interrupted iterations
intra_org_burst   [  10% ] 39/50 VUs  0m24.0s/4m00.0s

running (0m25.0s), 41/50 VUs, 7471 complete and 0 interrupted iterations
intra_org_burst   [  10% ] 41/50 VUs  0m25.0s/4m00.0s

running (0m26.0s), 43/50 VUs, 7796 complete and 0 interrupted iterations
intra_org_burst   [  11% ] 43/50 VUs  0m26.0s/4m00.0s

running (0m27.0s), 44/50 VUs, 8113 complete and 0 interrupted iterations
intra_org_burst   [  11% ] 44/50 VUs  0m27.0s/4m00.0s

running (0m28.0s), 46/50 VUs, 8419 complete and 0 interrupted iterations
intra_org_burst   [  12% ] 46/50 VUs  0m28.0s/4m00.0s

running (0m29.0s), 48/50 VUs, 8713 complete and 0 interrupted iterations
intra_org_burst   [  12% ] 48/50 VUs  0m29.0s/4m00.0s

running (0m30.0s), 49/50 VUs, 9013 complete and 0 interrupted iterations
intra_org_burst   [  12% ] 49/50 VUs  0m30.0s/4m00.0s

running (0m31.0s), 50/50 VUs, 9312 complete and 0 interrupted iterations
intra_org_burst   [  13% ] 50/50 VUs  0m31.0s/4m00.0s

running (0m32.0s), 50/50 VUs, 9636 complete and 0 interrupted iterations
intra_org_burst   [  13% ] 50/50 VUs  0m32.0s/4m00.0s

running (0m33.0s), 50/50 VUs, 9936 complete and 0 interrupted iterations
intra_org_burst   [  14% ] 50/50 VUs  0m33.0s/4m00.0s

running (0m34.0s), 50/50 VUs, 10238 complete and 0 interrupted iterations
intra_org_burst   [  14% ] 50/50 VUs  0m34.0s/4m00.0s

running (0m35.0s), 50/50 VUs, 10534 complete and 0 interrupted iterations
intra_org_burst   [  15% ] 50/50 VUs  0m35.0s/4m00.0s

running (0m36.0s), 50/50 VUs, 10825 complete and 0 interrupted iterations
intra_org_burst   [  15% ] 50/50 VUs  0m36.0s/4m00.0s

running (0m37.0s), 50/50 VUs, 11121 complete and 0 interrupted iterations
intra_org_burst   [  15% ] 50/50 VUs  0m37.0s/4m00.0s

running (0m38.0s), 50/50 VUs, 11422 complete and 0 interrupted iterations
intra_org_burst   [  16% ] 50/50 VUs  0m38.0s/4m00.0s

running (0m39.0s), 50/50 VUs, 11725 complete and 0 interrupted iterations
intra_org_burst   [  16% ] 50/50 VUs  0m39.0s/4m00.0s

running (0m40.0s), 50/50 VUs, 12012 complete and 0 interrupted iterations
intra_org_burst   [  17% ] 50/50 VUs  0m40.0s/4m00.0s

running (0m41.0s), 50/50 VUs, 12279 complete and 0 interrupted iterations
intra_org_burst   [  17% ] 50/50 VUs  0m41.0s/4m00.0s

running (0m42.0s), 50/50 VUs, 12582 complete and 0 interrupted iterations
intra_org_burst   [  17% ] 50/50 VUs  0m42.0s/4m00.0s

running (0m43.0s), 50/50 VUs, 12884 complete and 0 interrupted iterations
intra_org_burst   [  18% ] 50/50 VUs  0m43.0s/4m00.0s

running (0m44.0s), 50/50 VUs, 13177 complete and 0 interrupted iterations
intra_org_burst   [  18% ] 50/50 VUs  0m44.0s/4m00.0s

running (0m45.0s), 50/50 VUs, 13472 complete and 0 interrupted iterations
intra_org_burst   [  19% ] 50/50 VUs  0m45.0s/4m00.0s

running (0m46.0s), 50/50 VUs, 13757 complete and 0 interrupted iterations
intra_org_burst   [  19% ] 50/50 VUs  0m46.0s/4m00.0s

running (0m47.0s), 50/50 VUs, 14052 complete and 0 interrupted iterations
intra_org_burst   [  20% ] 50/50 VUs  0m47.0s/4m00.0s

running (0m48.0s), 50/50 VUs, 14364 complete and 0 interrupted iterations
intra_org_burst   [  20% ] 50/50 VUs  0m48.0s/4m00.0s

running (0m49.0s), 50/50 VUs, 14675 complete and 0 interrupted iterations
intra_org_burst   [  20% ] 50/50 VUs  0m49.0s/4m00.0s

running (0m50.0s), 50/50 VUs, 14961 complete and 0 interrupted iterations
intra_org_burst   [  21% ] 50/50 VUs  0m50.0s/4m00.0s

running (0m51.0s), 50/50 VUs, 15254 complete and 0 interrupted iterations
intra_org_burst   [  21% ] 50/50 VUs  0m51.0s/4m00.0s

running (0m52.0s), 50/50 VUs, 15556 complete and 0 interrupted iterations
intra_org_burst   [  22% ] 50/50 VUs  0m52.0s/4m00.0s

running (0m53.0s), 50/50 VUs, 15867 complete and 0 interrupted iterations
intra_org_burst   [  22% ] 50/50 VUs  0m53.0s/4m00.0s

running (0m54.0s), 50/50 VUs, 16158 complete and 0 interrupted iterations
intra_org_burst   [  22% ] 50/50 VUs  0m54.0s/4m00.0s

running (0m55.0s), 50/50 VUs, 16461 complete and 0 interrupted iterations
intra_org_burst   [  23% ] 50/50 VUs  0m55.0s/4m00.0s

running (0m56.0s), 50/50 VUs, 16778 complete and 0 interrupted iterations
intra_org_burst   [  23% ] 50/50 VUs  0m56.0s/4m00.0s

running (0m57.0s), 50/50 VUs, 17086 complete and 0 interrupted iterations
intra_org_burst   [  24% ] 50/50 VUs  0m57.0s/4m00.0s

running (0m58.0s), 50/50 VUs, 17387 complete and 0 interrupted iterations
intra_org_burst   [  24% ] 50/50 VUs  0m58.0s/4m00.0s

running (0m59.0s), 50/50 VUs, 17695 complete and 0 interrupted iterations
intra_org_burst   [  25% ] 50/50 VUs  0m59.0s/4m00.0s

running (1m00.0s), 50/50 VUs, 17992 complete and 0 interrupted iterations
intra_org_burst   [  25% ] 50/50 VUs  1m00.0s/4m00.0s

running (1m01.0s), 50/50 VUs, 18292 complete and 0 interrupted iterations
intra_org_burst   [  25% ] 50/50 VUs  1m01.0s/4m00.0s

running (1m02.0s), 50/50 VUs, 18569 complete and 0 interrupted iterations
intra_org_burst   [  26% ] 50/50 VUs  1m02.0s/4m00.0s

running (1m03.0s), 50/50 VUs, 18868 complete and 0 interrupted iterations
intra_org_burst   [  26% ] 50/50 VUs  1m03.0s/4m00.0s

running (1m04.0s), 50/50 VUs, 19154 complete and 0 interrupted iterations
intra_org_burst   [  27% ] 50/50 VUs  1m04.0s/4m00.0s

running (1m05.0s), 50/50 VUs, 19447 complete and 0 interrupted iterations
intra_org_burst   [  27% ] 50/50 VUs  1m05.0s/4m00.0s

running (1m06.0s), 50/50 VUs, 19733 complete and 0 interrupted iterations
intra_org_burst   [  27% ] 50/50 VUs  1m06.0s/4m00.0s

running (1m07.0s), 50/50 VUs, 20031 complete and 0 interrupted iterations
intra_org_burst   [  28% ] 50/50 VUs  1m07.0s/4m00.0s

running (1m08.0s), 50/50 VUs, 20330 complete and 0 interrupted iterations
intra_org_burst   [  28% ] 50/50 VUs  1m08.0s/4m00.0s

running (1m09.0s), 50/50 VUs, 20621 complete and 0 interrupted iterations
intra_org_burst   [  29% ] 50/50 VUs  1m09.0s/4m00.0s

running (1m10.0s), 50/50 VUs, 20909 complete and 0 interrupted iterations
intra_org_burst   [  29% ] 50/50 VUs  1m10.0s/4m00.0s

running (1m11.0s), 50/50 VUs, 21200 complete and 0 interrupted iterations
intra_org_burst   [  30% ] 50/50 VUs  1m11.0s/4m00.0s

running (1m12.0s), 50/50 VUs, 21523 complete and 0 interrupted iterations
intra_org_burst   [  30% ] 50/50 VUs  1m12.0s/4m00.0s

running (1m13.0s), 50/50 VUs, 21831 complete and 0 interrupted iterations
intra_org_burst   [  30% ] 50/50 VUs  1m13.0s/4m00.0s

running (1m14.0s), 50/50 VUs, 22125 complete and 0 interrupted iterations
intra_org_burst   [  31% ] 50/50 VUs  1m14.0s/4m00.0s

running (1m15.0s), 50/50 VUs, 22426 complete and 0 interrupted iterations
intra_org_burst   [  31% ] 50/50 VUs  1m15.0s/4m00.0s

running (1m16.0s), 50/50 VUs, 22710 complete and 0 interrupted iterations
intra_org_burst   [  32% ] 50/50 VUs  1m16.0s/4m00.0s

running (1m17.0s), 50/50 VUs, 22997 complete and 0 interrupted iterations
intra_org_burst   [  32% ] 50/50 VUs  1m17.0s/4m00.0s

running (1m18.0s), 50/50 VUs, 23302 complete and 0 interrupted iterations
intra_org_burst   [  32% ] 50/50 VUs  1m18.0s/4m00.0s

running (1m19.0s), 50/50 VUs, 23593 complete and 0 interrupted iterations
intra_org_burst   [  33% ] 50/50 VUs  1m19.0s/4m00.0s

running (1m20.0s), 50/50 VUs, 23862 complete and 0 interrupted iterations
intra_org_burst   [  33% ] 50/50 VUs  1m20.0s/4m00.0s

running (1m21.0s), 50/50 VUs, 24141 complete and 0 interrupted iterations
intra_org_burst   [  34% ] 50/50 VUs  1m21.0s/4m00.0s

running (1m22.0s), 50/50 VUs, 24442 complete and 0 interrupted iterations
intra_org_burst   [  34% ] 50/50 VUs  1m22.0s/4m00.0s

running (1m23.0s), 50/50 VUs, 24741 complete and 0 interrupted iterations
intra_org_burst   [  35% ] 50/50 VUs  1m23.0s/4m00.0s

running (1m24.0s), 50/50 VUs, 25043 complete and 0 interrupted iterations
intra_org_burst   [  35% ] 50/50 VUs  1m24.0s/4m00.0s

running (1m25.0s), 50/50 VUs, 25315 complete and 0 interrupted iterations
intra_org_burst   [  35% ] 50/50 VUs  1m25.0s/4m00.0s

running (1m26.0s), 50/50 VUs, 25585 complete and 0 interrupted iterations
intra_org_burst   [  36% ] 50/50 VUs  1m26.0s/4m00.0s

running (1m27.0s), 50/50 VUs, 25872 complete and 0 interrupted iterations
intra_org_burst   [  36% ] 50/50 VUs  1m27.0s/4m00.0s

running (1m28.0s), 50/50 VUs, 26163 complete and 0 interrupted iterations
intra_org_burst   [  37% ] 50/50 VUs  1m28.0s/4m00.0s

running (1m29.0s), 50/50 VUs, 26438 complete and 0 interrupted iterations
intra_org_burst   [  37% ] 50/50 VUs  1m29.0s/4m00.0s

running (1m30.0s), 50/50 VUs, 26725 complete and 0 interrupted iterations
intra_org_burst   [  37% ] 50/50 VUs  1m30.0s/4m00.0s

running (1m31.0s), 50/50 VUs, 26994 complete and 0 interrupted iterations
intra_org_burst   [  38% ] 50/50 VUs  1m31.0s/4m00.0s

running (1m32.0s), 50/50 VUs, 27285 complete and 0 interrupted iterations
intra_org_burst   [  38% ] 50/50 VUs  1m32.0s/4m00.0s

running (1m33.0s), 50/50 VUs, 27587 complete and 0 interrupted iterations
intra_org_burst   [  39% ] 50/50 VUs  1m33.0s/4m00.0s

running (1m34.0s), 50/50 VUs, 27820 complete and 0 interrupted iterations
intra_org_burst   [  39% ] 50/50 VUs  1m34.0s/4m00.0s

running (1m35.0s), 50/50 VUs, 27977 complete and 0 interrupted iterations
intra_org_burst   [  40% ] 50/50 VUs  1m35.0s/4m00.0s

running (1m36.0s), 50/50 VUs, 28150 complete and 0 interrupted iterations
intra_org_burst   [  40% ] 50/50 VUs  1m36.0s/4m00.0s

running (1m37.0s), 50/50 VUs, 28331 complete and 0 interrupted iterations
intra_org_burst   [  40% ] 50/50 VUs  1m37.0s/4m00.0s

running (1m38.0s), 50/50 VUs, 28498 complete and 0 interrupted iterations
intra_org_burst   [  41% ] 50/50 VUs  1m38.0s/4m00.0s

running (1m39.0s), 50/50 VUs, 28670 complete and 0 interrupted iterations
intra_org_burst   [  41% ] 50/50 VUs  1m39.0s/4m00.0s

running (1m40.0s), 50/50 VUs, 28843 complete and 0 interrupted iterations
intra_org_burst   [  42% ] 50/50 VUs  1m40.0s/4m00.0s

running (1m41.0s), 50/50 VUs, 29028 complete and 0 interrupted iterations
intra_org_burst   [  42% ] 50/50 VUs  1m41.0s/4m00.0s

running (1m42.0s), 50/50 VUs, 29206 complete and 0 interrupted iterations
intra_org_burst   [  42% ] 50/50 VUs  1m42.0s/4m00.0s

running (1m43.0s), 50/50 VUs, 29394 complete and 0 interrupted iterations
intra_org_burst   [  43% ] 50/50 VUs  1m43.0s/4m00.0s

running (1m44.0s), 50/50 VUs, 29573 complete and 0 interrupted iterations
intra_org_burst   [  43% ] 50/50 VUs  1m44.0s/4m00.0s

running (1m45.0s), 50/50 VUs, 29758 complete and 0 interrupted iterations
intra_org_burst   [  44% ] 50/50 VUs  1m45.0s/4m00.0s

running (1m46.0s), 50/50 VUs, 29940 complete and 0 interrupted iterations
intra_org_burst   [  44% ] 50/50 VUs  1m46.0s/4m00.0s

running (1m47.0s), 50/50 VUs, 30125 complete and 0 interrupted iterations
intra_org_burst   [  45% ] 50/50 VUs  1m47.0s/4m00.0s

running (1m48.0s), 50/50 VUs, 30308 complete and 0 interrupted iterations
intra_org_burst   [  45% ] 50/50 VUs  1m48.0s/4m00.0s

running (1m49.0s), 50/50 VUs, 30481 complete and 0 interrupted iterations
intra_org_burst   [  45% ] 50/50 VUs  1m49.0s/4m00.0s

running (1m50.0s), 50/50 VUs, 30649 complete and 0 interrupted iterations
intra_org_burst   [  46% ] 50/50 VUs  1m50.0s/4m00.0s

running (1m51.0s), 50/50 VUs, 30816 complete and 0 interrupted iterations
intra_org_burst   [  46% ] 50/50 VUs  1m51.0s/4m00.0s

running (1m52.0s), 50/50 VUs, 30990 complete and 0 interrupted iterations
intra_org_burst   [  47% ] 50/50 VUs  1m52.0s/4m00.0s

running (1m53.0s), 50/50 VUs, 31170 complete and 0 interrupted iterations
intra_org_burst   [  47% ] 50/50 VUs  1m53.0s/4m00.0s

running (1m54.0s), 50/50 VUs, 31329 complete and 0 interrupted iterations
intra_org_burst   [  47% ] 50/50 VUs  1m54.0s/4m00.0s

running (1m55.0s), 50/50 VUs, 31508 complete and 0 interrupted iterations
intra_org_burst   [  48% ] 50/50 VUs  1m55.0s/4m00.0s

running (1m56.0s), 50/50 VUs, 31677 complete and 0 interrupted iterations
intra_org_burst   [  48% ] 50/50 VUs  1m56.0s/4m00.0s

running (1m57.0s), 50/50 VUs, 31854 complete and 0 interrupted iterations
intra_org_burst   [  49% ] 50/50 VUs  1m57.0s/4m00.0s

running (1m58.0s), 50/50 VUs, 32024 complete and 0 interrupted iterations
intra_org_burst   [  49% ] 50/50 VUs  1m58.0s/4m00.0s

running (1m59.0s), 50/50 VUs, 32196 complete and 0 interrupted iterations
intra_org_burst   [  50% ] 50/50 VUs  1m59.0s/4m00.0s

running (2m00.0s), 50/50 VUs, 32363 complete and 0 interrupted iterations
intra_org_burst   [  50% ] 50/50 VUs  2m00.0s/4m00.0s

running (2m01.0s), 50/50 VUs, 32535 complete and 0 interrupted iterations
intra_org_burst   [  50% ] 50/50 VUs  2m01.0s/4m00.0s

running (2m02.0s), 50/50 VUs, 32698 complete and 0 interrupted iterations
intra_org_burst   [  51% ] 50/50 VUs  2m02.0s/4m00.0s

running (2m03.0s), 50/50 VUs, 32849 complete and 0 interrupted iterations
intra_org_burst   [  51% ] 50/50 VUs  2m03.0s/4m00.0s

running (2m04.0s), 50/50 VUs, 33025 complete and 0 interrupted iterations
intra_org_burst   [  52% ] 50/50 VUs  2m04.0s/4m00.0s

running (2m05.0s), 50/50 VUs, 33208 complete and 0 interrupted iterations
intra_org_burst   [  52% ] 50/50 VUs  2m05.0s/4m00.0s

running (2m06.0s), 50/50 VUs, 33361 complete and 0 interrupted iterations
intra_org_burst   [  52% ] 50/50 VUs  2m06.0s/4m00.0s

running (2m07.0s), 50/50 VUs, 33543 complete and 0 interrupted iterations
intra_org_burst   [  53% ] 50/50 VUs  2m07.0s/4m00.0s

running (2m08.0s), 50/50 VUs, 33728 complete and 0 interrupted iterations
intra_org_burst   [  53% ] 50/50 VUs  2m08.0s/4m00.0s

running (2m09.0s), 50/50 VUs, 33921 complete and 0 interrupted iterations
intra_org_burst   [  54% ] 50/50 VUs  2m09.0s/4m00.0s

running (2m10.0s), 50/50 VUs, 34121 complete and 0 interrupted iterations
intra_org_burst   [  54% ] 50/50 VUs  2m10.0s/4m00.0s

running (2m11.0s), 50/50 VUs, 34315 complete and 0 interrupted iterations
intra_org_burst   [  55% ] 50/50 VUs  2m11.0s/4m00.0s

running (2m12.0s), 50/50 VUs, 34512 complete and 0 interrupted iterations
intra_org_burst   [  55% ] 50/50 VUs  2m12.0s/4m00.0s

running (2m13.0s), 50/50 VUs, 34697 complete and 0 interrupted iterations
intra_org_burst   [  55% ] 50/50 VUs  2m13.0s/4m00.0s

running (2m14.0s), 50/50 VUs, 34870 complete and 0 interrupted iterations
intra_org_burst   [  56% ] 50/50 VUs  2m14.0s/4m00.0s

running (2m15.0s), 50/50 VUs, 35059 complete and 0 interrupted iterations
intra_org_burst   [  56% ] 50/50 VUs  2m15.0s/4m00.0s

running (2m16.0s), 50/50 VUs, 35228 complete and 0 interrupted iterations
intra_org_burst   [  57% ] 50/50 VUs  2m16.0s/4m00.0s

running (2m17.0s), 50/50 VUs, 35425 complete and 0 interrupted iterations
intra_org_burst   [  57% ] 50/50 VUs  2m17.0s/4m00.0s

running (2m18.0s), 50/50 VUs, 35629 complete and 0 interrupted iterations
intra_org_burst   [  57% ] 50/50 VUs  2m18.0s/4m00.0s

running (2m19.0s), 50/50 VUs, 35822 complete and 0 interrupted iterations
intra_org_burst   [  58% ] 50/50 VUs  2m19.0s/4m00.0s

running (2m20.0s), 50/50 VUs, 36007 complete and 0 interrupted iterations
intra_org_burst   [  58% ] 50/50 VUs  2m20.0s/4m00.0s

running (2m21.0s), 50/50 VUs, 36189 complete and 0 interrupted iterations
intra_org_burst   [  59% ] 50/50 VUs  2m21.0s/4m00.0s

running (2m22.0s), 50/50 VUs, 36387 complete and 0 interrupted iterations
intra_org_burst   [  59% ] 50/50 VUs  2m22.0s/4m00.0s

running (2m23.0s), 50/50 VUs, 36582 complete and 0 interrupted iterations
intra_org_burst   [  60% ] 50/50 VUs  2m23.0s/4m00.0s

running (2m24.0s), 50/50 VUs, 36764 complete and 0 interrupted iterations
intra_org_burst   [  60% ] 50/50 VUs  2m24.0s/4m00.0s

running (2m25.0s), 50/50 VUs, 36961 complete and 0 interrupted iterations
intra_org_burst   [  60% ] 50/50 VUs  2m25.0s/4m00.0s

running (2m26.0s), 50/50 VUs, 37155 complete and 0 interrupted iterations
intra_org_burst   [  61% ] 50/50 VUs  2m26.0s/4m00.0s

running (2m27.0s), 50/50 VUs, 37332 complete and 0 interrupted iterations
intra_org_burst   [  61% ] 50/50 VUs  2m27.0s/4m00.0s

running (2m28.0s), 50/50 VUs, 37525 complete and 0 interrupted iterations
intra_org_burst   [  62% ] 50/50 VUs  2m28.0s/4m00.0s

running (2m29.0s), 50/50 VUs, 37709 complete and 0 interrupted iterations
intra_org_burst   [  62% ] 50/50 VUs  2m29.0s/4m00.0s

running (2m30.0s), 50/50 VUs, 37896 complete and 0 interrupted iterations
intra_org_burst   [  62% ] 50/50 VUs  2m30.0s/4m00.0s

running (2m31.0s), 50/50 VUs, 38078 complete and 0 interrupted iterations
intra_org_burst   [  63% ] 50/50 VUs  2m31.0s/4m00.0s

running (2m32.0s), 50/50 VUs, 38264 complete and 0 interrupted iterations
intra_org_burst   [  63% ] 50/50 VUs  2m32.0s/4m00.0s

running (2m33.0s), 50/50 VUs, 38466 complete and 0 interrupted iterations
intra_org_burst   [  64% ] 50/50 VUs  2m33.0s/4m00.0s

running (2m34.0s), 50/50 VUs, 38664 complete and 0 interrupted iterations
intra_org_burst   [  64% ] 50/50 VUs  2m34.0s/4m00.0s

running (2m35.0s), 50/50 VUs, 38838 complete and 0 interrupted iterations
intra_org_burst   [  65% ] 50/50 VUs  2m35.0s/4m00.0s

running (2m36.0s), 50/50 VUs, 39007 complete and 0 interrupted iterations
intra_org_burst   [  65% ] 50/50 VUs  2m36.0s/4m00.0s

running (2m37.0s), 50/50 VUs, 39178 complete and 0 interrupted iterations
intra_org_burst   [  65% ] 50/50 VUs  2m37.0s/4m00.0s

running (2m38.0s), 50/50 VUs, 39375 complete and 0 interrupted iterations
intra_org_burst   [  66% ] 50/50 VUs  2m38.0s/4m00.0s

running (2m39.0s), 50/50 VUs, 39573 complete and 0 interrupted iterations
intra_org_burst   [  66% ] 50/50 VUs  2m39.0s/4m00.0s

running (2m40.0s), 50/50 VUs, 39772 complete and 0 interrupted iterations
intra_org_burst   [  67% ] 50/50 VUs  2m40.0s/4m00.0s

running (2m41.0s), 50/50 VUs, 39977 complete and 0 interrupted iterations
intra_org_burst   [  67% ] 50/50 VUs  2m41.0s/4m00.0s

running (2m42.0s), 50/50 VUs, 40163 complete and 0 interrupted iterations
intra_org_burst   [  67% ] 50/50 VUs  2m42.0s/4m00.0s

running (2m43.0s), 50/50 VUs, 40345 complete and 0 interrupted iterations
intra_org_burst   [  68% ] 50/50 VUs  2m43.0s/4m00.0s

running (2m44.0s), 50/50 VUs, 40538 complete and 0 interrupted iterations
intra_org_burst   [  68% ] 50/50 VUs  2m44.0s/4m00.0s

running (2m45.0s), 50/50 VUs, 40731 complete and 0 interrupted iterations
intra_org_burst   [  69% ] 50/50 VUs  2m45.0s/4m00.0s

running (2m46.0s), 50/50 VUs, 40921 complete and 0 interrupted iterations
intra_org_burst   [  69% ] 50/50 VUs  2m46.0s/4m00.0s

running (2m47.0s), 50/50 VUs, 41111 complete and 0 interrupted iterations
intra_org_burst   [  70% ] 50/50 VUs  2m47.0s/4m00.0s

running (2m48.0s), 50/50 VUs, 41284 complete and 0 interrupted iterations
intra_org_burst   [  70% ] 50/50 VUs  2m48.0s/4m00.0s

running (2m49.0s), 50/50 VUs, 41462 complete and 0 interrupted iterations
intra_org_burst   [  70% ] 50/50 VUs  2m49.0s/4m00.0s

running (2m50.0s), 50/50 VUs, 41649 complete and 0 interrupted iterations
intra_org_burst   [  71% ] 50/50 VUs  2m50.0s/4m00.0s

running (2m51.0s), 50/50 VUs, 41834 complete and 0 interrupted iterations
intra_org_burst   [  71% ] 50/50 VUs  2m51.0s/4m00.0s

running (2m52.0s), 50/50 VUs, 42036 complete and 0 interrupted iterations
intra_org_burst   [  72% ] 50/50 VUs  2m52.0s/4m00.0s

running (2m53.0s), 50/50 VUs, 42220 complete and 0 interrupted iterations
intra_org_burst   [  72% ] 50/50 VUs  2m53.0s/4m00.0s

running (2m54.0s), 50/50 VUs, 42411 complete and 0 interrupted iterations
intra_org_burst   [  72% ] 50/50 VUs  2m54.0s/4m00.0s

running (2m55.0s), 50/50 VUs, 42587 complete and 0 interrupted iterations
intra_org_burst   [  73% ] 50/50 VUs  2m55.0s/4m00.0s

running (2m56.0s), 50/50 VUs, 42761 complete and 0 interrupted iterations
intra_org_burst   [  73% ] 50/50 VUs  2m56.0s/4m00.0s

running (2m57.0s), 50/50 VUs, 42928 complete and 0 interrupted iterations
intra_org_burst   [  74% ] 50/50 VUs  2m57.0s/4m00.0s

running (2m58.0s), 50/50 VUs, 43109 complete and 0 interrupted iterations
intra_org_burst   [  74% ] 50/50 VUs  2m58.0s/4m00.0s

running (2m59.0s), 50/50 VUs, 43278 complete and 0 interrupted iterations
intra_org_burst   [  75% ] 50/50 VUs  2m59.0s/4m00.0s

running (3m00.0s), 50/50 VUs, 43449 complete and 0 interrupted iterations
intra_org_burst   [  75% ] 50/50 VUs  3m00.0s/4m00.0s

running (3m01.0s), 50/50 VUs, 43634 complete and 0 interrupted iterations
intra_org_burst   [  75% ] 50/50 VUs  3m01.0s/4m00.0s

running (3m02.0s), 50/50 VUs, 43832 complete and 0 interrupted iterations
intra_org_burst   [  76% ] 50/50 VUs  3m02.0s/4m00.0s

running (3m03.0s), 50/50 VUs, 44028 complete and 0 interrupted iterations
intra_org_burst   [  76% ] 50/50 VUs  3m03.0s/4m00.0s

running (3m04.0s), 50/50 VUs, 44216 complete and 0 interrupted iterations
intra_org_burst   [  77% ] 50/50 VUs  3m04.0s/4m00.0s

running (3m05.0s), 50/50 VUs, 44415 complete and 0 interrupted iterations
intra_org_burst   [  77% ] 50/50 VUs  3m05.0s/4m00.0s

running (3m06.0s), 50/50 VUs, 44606 complete and 0 interrupted iterations
intra_org_burst   [  77% ] 50/50 VUs  3m06.0s/4m00.0s

running (3m07.0s), 50/50 VUs, 44791 complete and 0 interrupted iterations
intra_org_burst   [  78% ] 50/50 VUs  3m07.0s/4m00.0s

running (3m08.0s), 50/50 VUs, 44980 complete and 0 interrupted iterations
intra_org_burst   [  78% ] 50/50 VUs  3m08.0s/4m00.0s

running (3m09.0s), 50/50 VUs, 45182 complete and 0 interrupted iterations
intra_org_burst   [  79% ] 50/50 VUs  3m09.0s/4m00.0s

running (3m10.0s), 50/50 VUs, 45365 complete and 0 interrupted iterations
intra_org_burst   [  79% ] 50/50 VUs  3m10.0s/4m00.0s

running (3m11.0s), 50/50 VUs, 45550 complete and 0 interrupted iterations
intra_org_burst   [  80% ] 50/50 VUs  3m11.0s/4m00.0s

running (3m12.0s), 50/50 VUs, 45740 complete and 0 interrupted iterations
intra_org_burst   [  80% ] 50/50 VUs  3m12.0s/4m00.0s

running (3m13.0s), 50/50 VUs, 45931 complete and 0 interrupted iterations
intra_org_burst   [  80% ] 50/50 VUs  3m13.0s/4m00.0s

running (3m14.0s), 50/50 VUs, 46113 complete and 0 interrupted iterations
intra_org_burst   [  81% ] 50/50 VUs  3m14.0s/4m00.0s

running (3m15.0s), 50/50 VUs, 46305 complete and 0 interrupted iterations
intra_org_burst   [  81% ] 50/50 VUs  3m15.0s/4m00.0s

running (3m16.0s), 50/50 VUs, 46496 complete and 0 interrupted iterations
intra_org_burst   [  82% ] 50/50 VUs  3m16.0s/4m00.0s

running (3m17.0s), 50/50 VUs, 46678 complete and 0 interrupted iterations
intra_org_burst   [  82% ] 50/50 VUs  3m17.0s/4m00.0s

running (3m18.0s), 50/50 VUs, 46865 complete and 0 interrupted iterations
intra_org_burst   [  82% ] 50/50 VUs  3m18.0s/4m00.0s

running (3m19.0s), 50/50 VUs, 47046 complete and 0 interrupted iterations
intra_org_burst   [  83% ] 50/50 VUs  3m19.0s/4m00.0s

running (3m20.0s), 50/50 VUs, 47233 complete and 0 interrupted iterations
intra_org_burst   [  83% ] 50/50 VUs  3m20.0s/4m00.0s

running (3m21.0s), 50/50 VUs, 47429 complete and 0 interrupted iterations
intra_org_burst   [  84% ] 50/50 VUs  3m21.0s/4m00.0s

running (3m22.0s), 50/50 VUs, 47628 complete and 0 interrupted iterations
intra_org_burst   [  84% ] 50/50 VUs  3m22.0s/4m00.0s

running (3m23.0s), 50/50 VUs, 47814 complete and 0 interrupted iterations
intra_org_burst   [  85% ] 50/50 VUs  3m23.0s/4m00.0s

running (3m24.0s), 50/50 VUs, 48020 complete and 0 interrupted iterations
intra_org_burst   [  85% ] 50/50 VUs  3m24.0s/4m00.0s

running (3m25.0s), 50/50 VUs, 48221 complete and 0 interrupted iterations
intra_org_burst   [  85% ] 50/50 VUs  3m25.0s/4m00.0s

running (3m26.0s), 50/50 VUs, 48408 complete and 0 interrupted iterations
intra_org_burst   [  86% ] 50/50 VUs  3m26.0s/4m00.0s

running (3m27.0s), 50/50 VUs, 48590 complete and 0 interrupted iterations
intra_org_burst   [  86% ] 50/50 VUs  3m27.0s/4m00.0s

running (3m28.0s), 50/50 VUs, 48772 complete and 0 interrupted iterations
intra_org_burst   [  87% ] 50/50 VUs  3m28.0s/4m00.0s

running (3m29.0s), 50/50 VUs, 48959 complete and 0 interrupted iterations
intra_org_burst   [  87% ] 50/50 VUs  3m29.0s/4m00.0s

running (3m30.0s), 50/50 VUs, 49136 complete and 0 interrupted iterations
intra_org_burst   [  87% ] 50/50 VUs  3m30.0s/4m00.0s

running (3m31.0s), 49/50 VUs, 49314 complete and 0 interrupted iterations
intra_org_burst   [  88% ] 49/50 VUs  3m31.0s/4m00.0s

running (3m32.0s), 47/50 VUs, 49497 complete and 0 interrupted iterations
intra_org_burst   [  88% ] 47/50 VUs  3m32.0s/4m00.0s

running (3m33.0s), 46/50 VUs, 49677 complete and 0 interrupted iterations
intra_org_burst   [  89% ] 46/50 VUs  3m33.0s/4m00.0s

running (3m34.0s), 44/50 VUs, 49861 complete and 0 interrupted iterations
intra_org_burst   [  89% ] 44/50 VUs  3m34.0s/4m00.0s

running (3m35.0s), 42/50 VUs, 50039 complete and 0 interrupted iterations
intra_org_burst   [  90% ] 42/50 VUs  3m35.0s/4m00.0s

running (3m36.0s), 41/50 VUs, 50214 complete and 0 interrupted iterations
intra_org_burst   [  90% ] 41/50 VUs  3m36.0s/4m00.0s

running (3m37.0s), 40/50 VUs, 50396 complete and 0 interrupted iterations
intra_org_burst   [  90% ] 40/50 VUs  3m37.0s/4m00.0s

running (3m38.0s), 38/50 VUs, 50573 complete and 0 interrupted iterations
intra_org_burst   [  91% ] 38/50 VUs  3m38.0s/4m00.0s

running (3m39.0s), 36/50 VUs, 50759 complete and 0 interrupted iterations
intra_org_burst   [  91% ] 36/50 VUs  3m39.0s/4m00.0s

running (3m40.0s), 34/50 VUs, 50942 complete and 0 interrupted iterations
intra_org_burst   [  92% ] 34/50 VUs  3m40.0s/4m00.0s

running (3m41.0s), 32/50 VUs, 51117 complete and 0 interrupted iterations
intra_org_burst   [  92% ] 32/50 VUs  3m41.0s/4m00.0s

running (3m42.0s), 31/50 VUs, 51292 complete and 0 interrupted iterations
intra_org_burst   [  92% ] 31/50 VUs  3m42.0s/4m00.0s

running (3m43.0s), 29/50 VUs, 51456 complete and 0 interrupted iterations
intra_org_burst   [  93% ] 29/50 VUs  3m43.0s/4m00.0s

running (3m44.0s), 27/50 VUs, 51640 complete and 0 interrupted iterations
intra_org_burst   [  93% ] 27/50 VUs  3m44.0s/4m00.0s

running (3m45.0s), 26/50 VUs, 51819 complete and 0 interrupted iterations
intra_org_burst   [  94% ] 26/50 VUs  3m45.0s/4m00.0s

running (3m46.0s), 24/50 VUs, 52007 complete and 0 interrupted iterations
intra_org_burst   [  94% ] 24/50 VUs  3m46.0s/4m00.0s

running (3m47.0s), 22/50 VUs, 52184 complete and 0 interrupted iterations
intra_org_burst   [  95% ] 22/50 VUs  3m47.0s/4m00.0s

running (3m48.0s), 21/50 VUs, 52371 complete and 0 interrupted iterations
intra_org_burst   [  95% ] 21/50 VUs  3m48.0s/4m00.0s

running (3m49.0s), 19/50 VUs, 52562 complete and 0 interrupted iterations
intra_org_burst   [  95% ] 19/50 VUs  3m49.0s/4m00.0s

running (3m50.0s), 17/50 VUs, 52754 complete and 0 interrupted iterations
intra_org_burst   [  96% ] 17/50 VUs  3m50.0s/4m00.0s

running (3m51.0s), 16/50 VUs, 52926 complete and 0 interrupted iterations
intra_org_burst   [  96% ] 16/50 VUs  3m51.0s/4m00.0s

running (3m52.0s), 14/50 VUs, 53118 complete and 0 interrupted iterations
intra_org_burst   [  97% ] 14/50 VUs  3m52.0s/4m00.0s

running (3m53.0s), 12/50 VUs, 53304 complete and 0 interrupted iterations
intra_org_burst   [  97% ] 12/50 VUs  3m53.0s/4m00.0s

running (3m54.0s), 11/50 VUs, 53492 complete and 0 interrupted iterations
intra_org_burst   [  97% ] 11/50 VUs  3m54.0s/4m00.0s

running (3m55.0s), 09/50 VUs, 53677 complete and 0 interrupted iterations
intra_org_burst   [  98% ] 09/50 VUs  3m55.0s/4m00.0s

running (3m56.0s), 07/50 VUs, 53866 complete and 0 interrupted iterations
intra_org_burst   [  98% ] 07/50 VUs  3m56.0s/4m00.0s

running (3m57.0s), 06/50 VUs, 54051 complete and 0 interrupted iterations
intra_org_burst   [  99% ] 06/50 VUs  3m57.0s/4m00.0s

running (3m58.0s), 04/50 VUs, 54242 complete and 0 interrupted iterations
intra_org_burst   [  99% ] 04/50 VUs  3m58.0s/4m00.0s

running (3m59.0s), 02/50 VUs, 54424 complete and 0 interrupted iterations
intra_org_burst   [ 100% ] 02/50 VUs  3m59.0s/4m00.0s

running (4m00.0s), 01/50 VUs, 54563 complete and 0 interrupted iterations
intra_org_burst   [ 100% ] 01/50 VUs  4m00.0s/4m00.0s

════ Cullis Mastio intra-org burst summary ════

  Base URL:           http://localhost:9100
  Agents loaded:      500
  Auth-token mints:   50
  Auth-token reuse:   54515
  DPoP nonce retries: 0
  Total requests:     54615
  Requests per sec:   227.6 RPS

  Mint /v1/auth/token:
    error rate   0.00 %
    avg / p50    6.4 / 4.2 ms
    p95 / p99    19.9 / 31.9 ms
    max          36.2 ms

  Ingress /v1/ingress/execute:
    error rate   1.61 %
    avg / p50    191.3 / 96.9 ms
    p95 / p99    683.2 / 1219.0 ms
    max          4724.2 ms

running (4m00.0s), 00/50 VUs, 54565 complete and 0 interrupted iterations
intra_org_burst ✓ [ 100% ] 00/50 VUs  4m0s
