2026-05-16T16:34:24+00:00 314877
2026-05-16T16:34:29+00:00 314877
2026-05-16T16:34:34+00:00 314877
2026-05-16T16:34:39+00:00 315156
2026-05-16T16:34:44+00:00 315583
2026-05-16T16:34:50+00:00 315995
2026-05-16T16:34:55+00:00 316395
2026-05-16T16:35:00+00:00 316828
2026-05-16T16:35:05+00:00 317291
2026-05-16T16:35:10+00:00 317674
2026-05-16T16:35:16+00:00 318161
2026-05-16T16:35:21+00:00 318584
2026-05-16T16:35:26+00:00 318958
2026-05-16T16:35:31+00:00 319396
2026-05-16T16:35:36+00:00 319866
2026-05-16T16:35:41+00:00 320302
2026-05-16T16:35:46+00:00 320782
2026-05-16T16:35:51+00:00 321240
2026-05-16T16:35:57+00:00 321627
2026-05-16T16:36:02+00:00 322037
2026-05-16T16:36:07+00:00 322486
2026-05-16T16:36:12+00:00 322961
2026-05-16T16:36:17+00:00 323403
2026-05-16T16:36:22+00:00 323822
2026-05-16T16:36:27+00:00 324174
2026-05-16T16:36:32+00:00 324588
2026-05-16T16:36:38+00:00 325030
2026-05-16T16:36:43+00:00 325484
2026-05-16T16:36:48+00:00 325942
2026-05-16T16:36:53+00:00 326451
2026-05-16T16:36:58+00:00 326896
2026-05-16T16:37:03+00:00 327411
2026-05-16T16:37:08+00:00 327814
2026-05-16T16:37:13+00:00 328288
2026-05-16T16:37:19+00:00 328713
2026-05-16T16:37:24+00:00 329079
2026-05-16T16:37:29+00:00 329526
2026-05-16T16:37:34+00:00 329956
2026-05-16T16:37:39+00:00 330325
2026-05-16T16:37:44+00:00 330809
2026-05-16T16:37:49+00:00 331304
2026-05-16T16:37:54+00:00 331796
2026-05-16T16:38:00+00:00 332264
2026-05-16T16:38:05+00:00 332712
2026-05-16T16:38:10+00:00 333116
2026-05-16T16:38:15+00:00 333498
2026-05-16T16:38:20+00:00 333971
2026-05-16T16:38:25+00:00 334357
2026-05-16T16:38:30+00:00 334816
2026-05-16T16:38:35+00:00 335194
2026-05-16T16:38:41+00:00 335537
2026-05-16T16:38:46+00:00 335914
2026-05-16T16:38:51+00:00 336346
2026-05-16T16:38:56+00:00 336862
2026-05-16T16:39:01+00:00 337352
2026-05-16T16:39:06+00:00 337800
2026-05-16T16:39:11+00:00 338121
2026-05-16T16:39:16+00:00 338388
2026-05-16T16:39:21+00:00 338739
2026-05-16T16:39:26+00:00 339140
2026-05-16T16:39:31+00:00 339481
2026-05-16T16:39:36+00:00 339846
2026-05-16T16:39:42+00:00 340229
2026-05-16T16:39:47+00:00 340566
2026-05-16T16:39:52+00:00 340905
2026-05-16T16:39:57+00:00 341213
2026-05-16T16:40:02+00:00 341567
2026-05-16T16:40:07+00:00 341896
2026-05-16T16:40:12+00:00 342249
2026-05-16T16:40:17+00:00 342675
2026-05-16T16:40:22+00:00 343092
2026-05-16T16:40:28+00:00 343493
2026-05-16T16:40:33+00:00 343857
2026-05-16T16:40:38+00:00 344300
2026-05-16T16:40:43+00:00 344687
2026-05-16T16:40:48+00:00 345096
2026-05-16T16:40:53+00:00 345569
2026-05-16T16:40:58+00:00 346052
2026-05-16T16:41:03+00:00 346442
2026-05-16T16:41:08+00:00 346607
2026-05-16T16:41:13+00:00 346607
2026-05-16T16:41:19+00:00 346607
2026-05-16T16:41:24+00:00 346607
2026-05-16T16:41:29+00:00 346607
2026-05-16T16:41:34+00:00 346607
2026-05-16T16:41:39+00:00 346607
2026-05-16T16:41:44+00:00 346607
2026-05-16T16:41:49+00:00 346607
2026-05-16T16:41:54+00:00 346607
2026-05-16T16:41:59+00:00 346607
2026-05-16T16:42:05+00:00 346607
2026-05-16T16:42:10+00:00 346607
2026-05-16T16:42:15+00:00 346607
2026-05-16T16:42:20+00:00 346607
2026-05-16T16:42:25+00:00 346607
2026-05-16T16:42:30+00:00 346607
2026-05-16T16:42:35+00:00 346607
2026-05-16T16:42:40+00:00 346607
2026-05-16T16:42:45+00:00 346607
2026-05-16T16:42:50+00:00 346607
2026-05-16T16:42:55+00:00 346607
2026-05-16T16:43:01+00:00 346607
2026-05-16T16:43:06+00:00 346607
2026-05-16T16:43:11+00:00 346607
2026-05-16T16:43:16+00:00 346607
2026-05-16T16:43:21+00:00 346607
2026-05-16T16:43:26+00:00 346607
2026-05-16T16:43:31+00:00 346607
2026-05-16T16:43:36+00:00 346607
2026-05-16T16:43:41+00:00 346607
2026-05-16T16:43:46+00:00 346607
2026-05-16T16:43:52+00:00 346607
2026-05-16T16:43:57+00:00 346607
2026-05-16T16:44:02+00:00 346607
2026-05-16T16:44:07+00:00 346607
2026-05-16T16:44:12+00:00 346607
2026-05-16T16:44:17+00:00 346607
2026-05-16T16:44:22+00:00 346607
2026-05-16T16:44:27+00:00 346607
2026-05-16T16:44:32+00:00 346607
2026-05-16T16:44:38+00:00 346607
2026-05-16T16:44:43+00:00 346607
2026-05-16T16:44:48+00:00 346607
2026-05-16T16:44:53+00:00 346607
2026-05-16T16:44:58+00:00 346607
2026-05-16T16:45:03+00:00 346607
2026-05-16T16:45:08+00:00 346607
2026-05-16T16:45:13+00:00 346607
2026-05-16T16:45:19+00:00 346607
2026-05-16T16:45:24+00:00 346607
